
Showing logs for build [32mjabjohanna-jabkubernetees-maste-1[0m stage [32mmeta-pipeline[0m and container [32mstep-credential-initializer-4fsw8[0m
{"level":"warn","ts":1569355849.2246463,"logger":"fallback-logger","caller":"logging/config.go:69","msg":"Fetch GitHub commit ID from kodata failed: \"ref: refs/heads/master\" is not a valid GitHub commit ID"}
{"level":"info","ts":1569355849.2254944,"logger":"fallback-logger","caller":"creds-init/main.go:40","msg":"Credentials initialized."}

Showing logs for build [32mjabjohanna-jabkubernetees-maste-1[0m stage [32mmeta-pipeline[0m and container [32mstep-working-dir-initializer-tqdb7[0m
{"level":"warn","ts":1569355852.858775,"logger":"fallback-logger","caller":"logging/config.go:69","msg":"Fetch GitHub commit ID from kodata failed: open /var/run/ko/HEAD: no such file or directory"}
{"level":"info","ts":1569355852.8628385,"logger":"fallback-logger","caller":"bash/main.go:65","msg":"Successfully executed command \"mkdir -p /workspace/source\""}

Showing logs for build [32mjabjohanna-jabkubernetees-maste-1[0m stage [32mmeta-pipeline[0m and container [32mstep-place-tools[0m

Showing logs for build [32mjabjohanna-jabkubernetees-maste-1[0m stage [32mmeta-pipeline[0m and container [32mstep-git-source-meta-jabjohanna-jabkubernetees-xllwk[0m
{"level":"warn","ts":1569355860.735478,"logger":"fallback-logger","caller":"logging/config.go:69","msg":"Fetch GitHub commit ID from kodata failed: \"ref: refs/heads/master\" is not a valid GitHub commit ID"}
{"level":"info","ts":1569355860.980152,"logger":"fallback-logger","caller":"git/git.go:102","msg":"Successfully cloned https://github.com/**********/jabkubernetees.git @ 60489e6b24f036f0013f47606298f138e43a35c6 in path /workspace/source"}

Showing logs for build [32mjabjohanna-jabkubernetees-maste-1[0m stage [32mmeta-pipeline[0m and container [32mstep-git-merge[0m
Using SHAs from PULL_REFS=master:60489e6b24f036f0013f47606298f138e43a35c6
WARNING: no SHAs to merge, falling back to initial cloned commit

Showing logs for build [32mjabjohanna-jabkubernetees-maste-1[0m stage [32mmeta-pipeline[0m and container [32mstep-merge-pull-refs[0m
SKIP merge-pull-refs: Nothing to merge

Showing logs for build [32mjabjohanna-jabkubernetees-maste-1[0m stage [32mmeta-pipeline[0m and container [32mstep-create-effective-pipeline[0m
Deleting and cloning the Jenkins X versions repo
Cloning the Jenkins X versions repo https://github.com/jenkins-x/jenkins-x-versions.git with ref refs/heads/master to /builder/home/.**/jenkins-x-versions
Effective pipeline written to jenkins-x-effective.yml

Showing logs for build [32mjabjohanna-jabkubernetees-maste-1[0m stage [32mmeta-pipeline[0m and container [32mstep-create-tekton-crds[0m
running command: echo \$(**-release-version) > VERSION

running command: mvn versions:set -DnewVersion=\$(cat VERSION)
Picked up _JAVA_OPTIONS: -XX:+UnlockExperimentalVMOptions -XX:+UseCGroupMemoryLimitForHeap -Dsun.zip.disableMemoryMapping=true -XX:+UseParallelGC -XX:MinHeapFreeRatio=5 -XX:MaxHeapFreeRatio=10 -XX:GCTimeRatio=4 -XX:AdaptiveSizePolicyWeight=90 -Xms10m -Xmx192m
OpenJDK 64-Bit Server VM warning: If the number of processors is expected to increase from one, then you should configure the number of parallel GC threads appropriately using -XX:ParallelGCThreads=N
[INFO] Scanning for projects...
[INFO] 
[INFO] ---------------------< com.example:jabkubernetees >---------------------
[INFO] Building demo 0.0.1-SNAPSHOT
[INFO] --------------------------------[ jar ]---------------------------------
[INFO] 
[INFO] --- versions-maven-plugin:2.7:set (default-cli) @ jabkubernetees ---
[INFO] Searching for local aggregator root...
[INFO] Local aggregation root: /workspace/source
[INFO] Processing change of com.example:jabkubernetees:0.0.1-SNAPSHOT -> 0.0.1
[INFO] Processing com.example:jabkubernetees
[INFO]     Updating project com.example:jabkubernetees
[INFO]         from version 0.0.1-SNAPSHOT to 0.0.1
[INFO] 
[INFO] ------------------------------------------------------------------------
[INFO] BUILD SUCCESS
[INFO] ------------------------------------------------------------------------
[INFO] Total time:  40.900 s
[INFO] Finished at: 2019-09-24T20:11:48Z
[INFO] ------------------------------------------------------------------------

running command: ** step tag --version \$(cat VERSION)
Updating chart version in charts/jabkubernetees/Chart.yaml to 0.0.1
Updating repository in charts/jabkubernetees/values.yaml to kingsponge.azurecr.io/**********/jabkubernetees
Updating tag in charts/jabkubernetees/values.yaml to 0.0.1
Tag v0.0.1 created and pushed to remote origin

WARNING: failed to find secret kaniko-secret in namespace **: secrets "kaniko-secret" not found
PipelineActivity for **********-jabkubernetees-master-1
Applying changes 
upserted PipelineResource **********-jabkubernetees-maste for the git repository https://github.com/**********/jabkubernetees.git
upserted Task **********-jabkubernetees-maste-from-build-pack-1
upserted Pipeline **********-jabkubernetees-maste-1
created PipelineRun **********-jabkubernetees-maste-1
created PipelineStructure **********-jabkubernetees-maste-1

Showing logs for build [32mjabjohanna-jabkubernetees-maste-1[0m stage [32mfrom-build-pack[0m and container [32mstep-credential-initializer-skz5c[0m
{"level":"warn","ts":1569355918.8936965,"logger":"fallback-logger","caller":"logging/config.go:69","msg":"Fetch GitHub commit ID from kodata failed: \"ref: refs/heads/master\" is not a valid GitHub commit ID"}
{"level":"info","ts":1569355918.8941565,"logger":"fallback-logger","caller":"creds-init/main.go:40","msg":"Credentials initialized."}

Showing logs for build [32mjabjohanna-jabkubernetees-maste-1[0m stage [32mfrom-build-pack[0m and container [32mstep-working-dir-initializer-t5phj[0m
{"level":"warn","ts":1569355922.8919835,"logger":"fallback-logger","caller":"logging/config.go:69","msg":"Fetch GitHub commit ID from kodata failed: open /var/run/ko/HEAD: no such file or directory"}
{"level":"info","ts":1569355922.8941624,"logger":"fallback-logger","caller":"bash/main.go:65","msg":"Successfully executed command \"mkdir -p /workspace/source /workspace/source/charts/jabkubernetees\""}

Showing logs for build [32mjabjohanna-jabkubernetees-maste-1[0m stage [32mfrom-build-pack[0m and container [32mstep-place-tools[0m

Showing logs for build [32mjabjohanna-jabkubernetees-maste-1[0m stage [32mfrom-build-pack[0m and container [32mstep-git-source-jabjohanna-jabkubernetees-maste-wg9fp[0m
{"level":"warn","ts":1569355970.6720521,"logger":"fallback-logger","caller":"logging/config.go:69","msg":"Fetch GitHub commit ID from kodata failed: \"ref: refs/heads/master\" is not a valid GitHub commit ID"}
{"level":"info","ts":1569355970.9626136,"logger":"fallback-logger","caller":"git/git.go:102","msg":"Successfully cloned https://github.com/**********/jabkubernetees.git @ v0.0.1 in path /workspace/source"}

Showing logs for build [32mjabjohanna-jabkubernetees-maste-1[0m stage [32mfrom-build-pack[0m and container [32mstep-git-merge[0m
Using SHAs from PULL_REFS=master:60489e6b24f036f0013f47606298f138e43a35c6
WARNING: no SHAs to merge, falling back to initial cloned commit

Showing logs for build [32mjabjohanna-jabkubernetees-maste-1[0m stage [32mfrom-build-pack[0m and container [32mstep-setup-jx-git-credentials[0m
Generated Git credentials file /workspace/xdg_config/git/credentials

Showing logs for build [32mjabjohanna-jabkubernetees-maste-1[0m stage [32mfrom-build-pack[0m and container [32mstep-build-mvn-deploy[0m
Picked up _JAVA_OPTIONS: -XX:+UnlockExperimentalVMOptions -XX:+UseCGroupMemoryLimitForHeap -Dsun.zip.disableMemoryMapping=true -XX:+UseParallelGC -XX:MinHeapFreeRatio=5 -XX:MaxHeapFreeRatio=10 -XX:GCTimeRatio=4 -XX:AdaptiveSizePolicyWeight=90 -Xms10m -Xmx192m
OpenJDK 64-Bit Server VM warning: If the number of processors is expected to increase from one, then you should configure the number of parallel GC threads appropriately using -XX:ParallelGCThreads=N
[INFO] Scanning for projects...
[INFO] 
[INFO] ---------------------< com.example:jabkubernetees >---------------------
[INFO] Building demo 0.0.1
[INFO] --------------------------------[ jar ]---------------------------------
[INFO] 
[INFO] --- maven-clean-plugin:3.1.0:clean (default-clean) @ jabkubernetees ---
[INFO] 
[INFO] --- maven-resources-plugin:3.1.0:resources (default-resources) @ jabkubernetees ---
[INFO] Using 'UTF-8' encoding to copy filtered resources.
[INFO] Copying 1 resource
[INFO] Copying 0 resource
[INFO] 
[INFO] --- maven-compiler-plugin:3.8.1:compile (default-compile) @ jabkubernetees ---
[INFO] Changes detected - recompiling the module!
[INFO] Compiling 1 source file to /workspace/source/target/classes
[INFO] 
[INFO] --- maven-resources-plugin:3.1.0:testResources (default-testResources) @ jabkubernetees ---
[INFO] Using 'UTF-8' encoding to copy filtered resources.
[INFO] skip non existing resourceDirectory /workspace/source/src/test/resources
[INFO] 
[INFO] --- maven-compiler-plugin:3.8.1:testCompile (default-testCompile) @ jabkubernetees ---
[INFO] Changes detected - recompiling the module!
[INFO] Compiling 1 source file to /workspace/source/target/test-classes
[INFO] 
[INFO] --- maven-surefire-plugin:3.0.0-M1:test (default-test) @ jabkubernetees ---
[INFO] 
[INFO] -------------------------------------------------------
[INFO]  T E S T S
[INFO] -------------------------------------------------------
[INFO] Running com.example.jabkubernetees.DemoApplicationTests
20:13:28.372 [main] DEBUG org.springframework.test.context.junit4.SpringJUnit4ClassRunner - SpringJUnit4ClassRunner constructor called with [class com.example.jabkubernetees.DemoApplicationTests]
20:13:28.385 [main] DEBUG org.springframework.test.context.BootstrapUtils - Instantiating CacheAwareContextLoaderDelegate from class [org.springframework.test.context.cache.DefaultCacheAwareContextLoaderDelegate]
20:13:28.428 [main] DEBUG org.springframework.test.context.BootstrapUtils - Instantiating BootstrapContext using constructor [public org.springframework.test.context.support.DefaultBootstrapContext(java.lang.Class,org.springframework.test.context.CacheAwareContextLoaderDelegate)]
20:13:28.481 [main] DEBUG org.springframework.test.context.BootstrapUtils - Instantiating TestContextBootstrapper for test class [com.example.jabkubernetees.DemoApplicationTests] from class [org.springframework.boot.test.context.SpringBootTestContextBootstrapper]
20:13:28.510 [main] INFO org.springframework.boot.test.context.SpringBootTestContextBootstrapper - Neither @ContextConfiguration nor @ContextHierarchy found for test class [com.example.jabkubernetees.DemoApplicationTests], using SpringBootContextLoader
20:13:28.518 [main] DEBUG org.springframework.test.context.support.AbstractContextLoader - Did not detect default resource location for test class [com.example.jabkubernetees.DemoApplicationTests]: class path resource [com/example/jabkubernetees/DemoApplicationTests-context.xml] does not exist
20:13:28.523 [main] DEBUG org.springframework.test.context.support.AbstractContextLoader - Did not detect default resource location for test class [com.example.jabkubernetees.DemoApplicationTests]: class path resource [com/example/jabkubernetees/DemoApplicationTestsContext.groovy] does not exist
20:13:28.531 [main] INFO org.springframework.test.context.support.AbstractContextLoader - Could not detect default resource locations for test class [com.example.jabkubernetees.DemoApplicationTests]: no resource found for suffixes {-context.xml, Context.groovy}.
20:13:28.549 [main] INFO org.springframework.test.context.support.AnnotationConfigContextLoaderUtils - Could not detect default configuration classes for test class [com.example.jabkubernetees.DemoApplicationTests]: DemoApplicationTests does not declare any static, non-private, non-final, nested classes annotated with @Configuration.
20:13:28.685 [main] DEBUG org.springframework.test.context.support.ActiveProfilesUtils - Could not find an 'annotation declaring class' for annotation type [org.springframework.test.context.ActiveProfiles] and class [com.example.jabkubernetees.DemoApplicationTests]
20:13:28.870 [main] DEBUG org.springframework.context.annotation.ClassPathScanningCandidateComponentProvider - Identified candidate component class: file [/workspace/source/target/classes/com/example/jabkubernetees/DemoApplication.class]
20:13:28.875 [main] INFO org.springframework.boot.test.context.SpringBootTestContextBootstrapper - Found @SpringBootConfiguration com.example.jabkubernetees.DemoApplication for test class com.example.jabkubernetees.DemoApplicationTests
20:13:29.030 [main] DEBUG org.springframework.boot.test.context.SpringBootTestContextBootstrapper - @TestExecutionListeners is not present for class [com.example.jabkubernetees.DemoApplicationTests]: using defaults.
20:13:29.031 [main] INFO org.springframework.boot.test.context.SpringBootTestContextBootstrapper - Loaded default TestExecutionListener class names from location [META-INF/spring.factories]: [org.springframework.boot.test.mock.mockito.MockitoTestExecutionListener, org.springframework.boot.test.mock.mockito.ResetMocksTestExecutionListener, org.springframework.boot.test.autoconfigure.restdocs.RestDocsTestExecutionListener, org.springframework.boot.test.autoconfigure.web.client.MockRestServiceServerResetTestExecutionListener, org.springframework.boot.test.autoconfigure.web.servlet.MockMvcPrintOnlyOnFailureTestExecutionListener, org.springframework.boot.test.autoconfigure.web.servlet.WebDriverTestExecutionListener, org.springframework.test.context.web.ServletTestExecutionListener, org.springframework.test.context.support.DirtiesContextBeforeModesTestExecutionListener, org.springframework.test.context.support.DependencyInjectionTestExecutionListener, org.springframework.test.context.support.DirtiesContextTestExecutionListener, org.springframework.test.context.transaction.TransactionalTestExecutionListener, org.springframework.test.context.jdbc.SqlScriptsTestExecutionListener]
20:13:29.073 [main] DEBUG org.springframework.boot.test.context.SpringBootTestContextBootstrapper - Skipping candidate TestExecutionListener [org.springframework.test.context.transaction.TransactionalTestExecutionListener] due to a missing dependency. Specify custom listener classes or make the default listener classes and their required dependencies available. Offending class: [org/springframework/transaction/TransactionDefinition]
20:13:29.078 [main] DEBUG org.springframework.boot.test.context.SpringBootTestContextBootstrapper - Skipping candidate TestExecutionListener [org.springframework.test.context.jdbc.SqlScriptsTestExecutionListener] due to a missing dependency. Specify custom listener classes or make the default listener classes and their required dependencies available. Offending class: [org/springframework/transaction/interceptor/TransactionAttribute]
20:13:29.081 [main] INFO org.springframework.boot.test.context.SpringBootTestContextBootstrapper - Using TestExecutionListeners: [org.springframework.test.context.web.ServletTestExecutionListener@31368b99, org.springframework.test.context.support.DirtiesContextBeforeModesTestExecutionListener@1725dc0f, org.springframework.boot.test.mock.mockito.MockitoTestExecutionListener@3911c2a7, org.springframework.boot.test.autoconfigure.SpringBootDependencyInjectionTestExecutionListener@4ac3c60d, org.springframework.test.context.support.DirtiesContextTestExecutionListener@4facf68f, org.springframework.boot.test.mock.mockito.ResetMocksTestExecutionListener@76508ed1, org.springframework.boot.test.autoconfigure.restdocs.RestDocsTestExecutionListener@41e36e46, org.springframework.boot.test.autoconfigure.web.client.MockRestServiceServerResetTestExecutionListener@15c43bd9, org.springframework.boot.test.autoconfigure.web.servlet.MockMvcPrintOnlyOnFailureTestExecutionListener@3d74bf60, org.springframework.boot.test.autoconfigure.web.servlet.WebDriverTestExecutionListener@4f209819]
20:13:29.097 [main] DEBUG org.springframework.test.annotation.ProfileValueUtils - Retrieved @ProfileValueSourceConfiguration [null] for test class [com.example.jabkubernetees.DemoApplicationTests]
20:13:29.098 [main] DEBUG org.springframework.test.annotation.ProfileValueUtils - Retrieved ProfileValueSource type [class org.springframework.test.annotation.SystemProfileValueSource] for class [com.example.jabkubernetees.DemoApplicationTests]
20:13:29.099 [main] DEBUG org.springframework.test.annotation.ProfileValueUtils - Retrieved @ProfileValueSourceConfiguration [null] for test class [com.example.jabkubernetees.DemoApplicationTests]
20:13:29.109 [main] DEBUG org.springframework.test.annotation.ProfileValueUtils - Retrieved ProfileValueSource type [class org.springframework.test.annotation.SystemProfileValueSource] for class [com.example.jabkubernetees.DemoApplicationTests]
20:13:29.110 [main] DEBUG org.springframework.test.annotation.ProfileValueUtils - Retrieved @ProfileValueSourceConfiguration [null] for test class [com.example.jabkubernetees.DemoApplicationTests]
20:13:29.111 [main] DEBUG org.springframework.test.annotation.ProfileValueUtils - Retrieved ProfileValueSource type [class org.springframework.test.annotation.SystemProfileValueSource] for class [com.example.jabkubernetees.DemoApplicationTests]
20:13:29.116 [main] DEBUG org.springframework.test.context.support.AbstractDirtiesContextTestExecutionListener - Before test class: context [DefaultTestContext@3835c46 testClass = DemoApplicationTests, testInstance = [null], testMethod = [null], testException = [null], mergedContextConfiguration = [WebMergedContextConfiguration@1dde4cb2 testClass = DemoApplicationTests, locations = '{}', classes = '{class com.example.jabkubernetees.DemoApplication}', contextInitializerClasses = '[]', activeProfiles = '{}', propertySourceLocations = '{}', propertySourceProperties = '{org.springframework.boot.test.context.SpringBootTestContextBootstrapper=true}', contextCustomizers = set[org.springframework.boot.test.context.filter.ExcludeFilterContextCustomizer@4e7dc304, org.springframework.boot.test.json.DuplicateJsonObjectContextCustomizerFactory$DuplicateJsonObjectContextCustomizer@48503868, org.springframework.boot.test.mock.mockito.MockitoContextCustomizer@0, org.springframework.boot.test.web.client.TestRestTemplateContextCustomizer@1f57539, org.springframework.boot.test.autoconfigure.properties.PropertyMappingContextCustomizer@0, org.springframework.boot.test.autoconfigure.web.servlet.WebDriverContextCustomizerFactory$Customizer@bd8db5a], resourceBasePath = 'src/main/webapp', contextLoader = 'org.springframework.boot.test.context.SpringBootContextLoader', parent = [null]], attributes = map['org.springframework.test.context.web.ServletTestExecutionListener.activateListener' -> true]], class annotated with @DirtiesContext [false] with mode [null].
20:13:29.133 [main] DEBUG org.springframework.test.annotation.ProfileValueUtils - Retrieved @ProfileValueSourceConfiguration [null] for test class [com.example.jabkubernetees.DemoApplicationTests]
20:13:29.133 [main] DEBUG org.springframework.test.annotation.ProfileValueUtils - Retrieved ProfileValueSource type [class org.springframework.test.annotation.SystemProfileValueSource] for class [com.example.jabkubernetees.DemoApplicationTests]
20:13:29.190 [main] DEBUG org.springframework.test.context.support.TestPropertySourceUtils - Adding inlined properties to environment: {spring.jmx.enabled=false, org.springframework.boot.test.context.SpringBootTestContextBootstrapper=true, server.port=-1}

  .   ____          _            __ _ _
 /\\ / ___'_ __ _ _(_)_ __  __ _ \ \ \ \
( ( )\___ | '_ | '_| | '_ \/ _` | \ \ \ \
 \\/  ___)| |_)| | | | | || (_| |  ) ) ) )
  '  |____| .__|_| |_|_| |_\__, | / / / /
 =========|_|==============|___/=/_/_/_/
 :: Spring Boot ::        (v2.1.8.RELEASE)

2019-09-24 20:13:29.959  INFO 70 --- [           main] c.e.jabkubernetees.DemoApplicationTests  : Starting DemoApplicationTests on **********-jabkubernetees-maste-1-from-build-pack-kqdvw-pod-a83 with PID 70 (started by root in /workspace/source)
2019-09-24 20:13:29.974  INFO 70 --- [           main] c.e.jabkubernetees.DemoApplicationTests  : No active profile set, falling back to default profiles: default
2019-09-24 20:13:36.284  INFO 70 --- [           main] o.s.s.concurrent.ThreadPoolTaskExecutor  : Initializing ExecutorService 'applicationTaskExecutor'
2019-09-24 20:13:38.745  INFO 70 --- [           main] o.s.b.a.e.web.EndpointLinksResolver      : Exposing 2 endpoint(s) beneath base path '/actuator'
2019-09-24 20:13:38.913  INFO 70 --- [           main] c.e.jabkubernetees.DemoApplicationTests  : Started DemoApplicationTests in 9.711 seconds (JVM running for 11.375)
[INFO] Tests run: 1, Failures: 0, Errors: 0, Skipped: 0, Time elapsed: 11.208 s - in com.example.jabkubernetees.DemoApplicationTests
2019-09-24 20:13:39.330  INFO 70 --- [       Thread-2] o.s.s.concurrent.ThreadPoolTaskExecutor  : Shutting down ExecutorService 'applicationTaskExecutor'
[INFO] 
[INFO] Results:
[INFO] 
[INFO] Tests run: 1, Failures: 0, Errors: 0, Skipped: 0
[INFO] 
[INFO] 
[INFO] --- maven-jar-plugin:3.1.2:jar (default-jar) @ jabkubernetees ---
[INFO] Building jar: /workspace/source/target/jabkubernetees-0.0.1.jar
[INFO] 
[INFO] --- spring-boot-maven-plugin:2.1.8.RELEASE:repackage (repackage) @ jabkubernetees ---
[INFO] Replacing main artifact with repackaged archive
[INFO] 
[INFO] --- maven-install-plugin:2.5.2:install (default-install) @ jabkubernetees ---
[INFO] Installing /workspace/source/target/jabkubernetees-0.0.1.jar to /root/.mvnrepository/com/example/jabkubernetees/0.0.1/jabkubernetees-0.0.1.jar
[INFO] Installing /workspace/source/pom.xml to /root/.mvnrepository/com/example/jabkubernetees/0.0.1/jabkubernetees-0.0.1.pom
[INFO] 
[INFO] --- maven-deploy-plugin:2.8.2:deploy (default-deploy) @ jabkubernetees ---
[INFO] Using alternate deployment repository nexus::default::http://nexus/repository/maven-releases/
[INFO] ------------------------------------------------------------------------
[INFO] BUILD SUCCESS
[INFO] ------------------------------------------------------------------------
[INFO] Total time:  01:02 min
[INFO] Finished at: 2019-09-24T20:13:57Z
[INFO] ------------------------------------------------------------------------

Showing logs for build [32mjabjohanna-jabkubernetees-maste-1[0m stage [32mfrom-build-pack[0m and container [32mstep-build-skaffold-version[0m
v0.37.0

Showing logs for build [32mjabjohanna-jabkubernetees-maste-1[0m stage [32mfrom-build-pack[0m and container [32mstep-build-container-build[0m
[36mINFO[0m[0000] Downloading base image openjdk:8-jdk-slim    
2019/09/24 20:14:00 No matching credentials were found, falling back on anonymous
[36mINFO[0m[0000] Error while retrieving image from cache: getting file info: stat /workspace/sha256:1856fc4560475f8bdc32f55d630a4c1beea5593c1d9cd494963db2cdf9d18a38: no such file or directory 
[36mINFO[0m[0000] Downloading base image openjdk:8-jdk-slim    
2019/09/24 20:14:00 No matching credentials were found, falling back on anonymous
[36mINFO[0m[0000] cmd: EXPOSE                                  
[36mINFO[0m[0000] Adding exposed port: 8080/tcp                
[36mINFO[0m[0000] Using files from context: [/workspace/source/pom.xml] 
[36mINFO[0m[0000] Using files from context: [/workspace/source/target/jabkubernetees-0.0.1.jar] 
[36mINFO[0m[0000] Skipping unpacking as no commands require it. 
[36mINFO[0m[0000] Taking snapshot of full filesystem...        
[36mINFO[0m[0001] ENV PORT 8080                                
[36mINFO[0m[0001] No files changed in this command, skipping snapshotting. 
[36mINFO[0m[0001] ENV CLASSPATH /opt/lib                       
[36mINFO[0m[0001] No files changed in this command, skipping snapshotting. 
[36mINFO[0m[0001] EXPOSE 8080                                  
[36mINFO[0m[0001] cmd: EXPOSE                                  
[36mINFO[0m[0001] Adding exposed port: 8080/tcp                
[36mINFO[0m[0001] No files changed in this command, skipping snapshotting. 
[36mINFO[0m[0001] Using files from context: [/workspace/source/pom.xml] 
[36mINFO[0m[0001] COPY pom.xml target/lib* /opt/lib/           
[36mINFO[0m[0001] Taking snapshot of files...                  
[36mINFO[0m[0002] Using files from context: [/workspace/source/target/jabkubernetees-0.0.1.jar] 
[36mINFO[0m[0002] COPY target/*.jar /opt/app.jar               
[36mINFO[0m[0002] Taking snapshot of files...                  
[36mINFO[0m[0002] WORKDIR /opt                                 
[36mINFO[0m[0002] cmd: workdir                                 
[36mINFO[0m[0002] Changed working directory to /opt            
[36mINFO[0m[0002] No files changed in this command, skipping snapshotting. 
[36mINFO[0m[0002] CMD ["java", "-XX:+UnlockExperimentalVMOptions", "-XX:+UseCGroupMemoryLimitForHeap", "-jar", "app.jar"] 
[36mINFO[0m[0002] No files changed in this command, skipping snapshotting. 
2019/09/24 20:14:03 pushed blob: sha256:00852a646241f790f1f96e7923af05263bd0a9603a14e959af839ac9a4bfa2ce
2019/09/24 20:14:03 pushed blob: sha256:e0476588afc052304947274df93fcbfe577f49a587a1e37670dc2f8d208e5d35
2019/09/24 20:14:03 pushed blob: sha256:3198ebe941513b3be7ff20096fa6f22dc7a8d0f08b20993419825b25acbf050b
2019/09/24 20:14:04 pushed blob: sha256:8b93fb4b177b0246eed07dbcd49419975272ae5c5b8eae195dc39e10262b869e
2019/09/24 20:14:04 pushed blob: sha256:377e264464ddccb9550cff64ba470dfdb784acdb2ff265ae333b9215fc873b08
2019/09/24 20:14:04 pushed blob: sha256:b8f262c62ec67f02536f49654de586c022043652bbb6bbf76a8dab1542627a8d
2019/09/24 20:14:07 pushed blob: sha256:14378903d43db9959a5a046c178ca638c7de1be299cab8830d50651eb785f2ec
2019/09/24 20:14:08 kingsponge.azurecr.io/**********/jabkubernetees:0.0.1: digest: sha256:865e9e82188ec531ef2da31a7ffacf0dc9fae4da3e1a9539186529c03d6321ae size: 1244

Showing logs for build [32mjabjohanna-jabkubernetees-maste-1[0m stage [32mfrom-build-pack[0m and container [32mstep-build-post-build[0m
no CVE provider running in the current ** namespace so skip adding image to be analysed

Showing logs for build [32mjabjohanna-jabkubernetees-maste-1[0m stage [32mfrom-build-pack[0m and container [32mstep-promote-changelog[0m
Converted /workspace/source/charts/jabkubernetees to an unshallow repository
no previous commit version found so change diff unavailable

Showing logs for build [32mjabjohanna-jabkubernetees-maste-1[0m stage [32mfrom-build-pack[0m and container [32mstep-promote-helm-release[0m
WARNING: No $CHART_REPOSITORY defined so using the default value of: http://jenkins-x-chartmuseum:8080
Adding missing Helm repo: storage.googleapis.com https://storage.googleapis.com/chartmuseum.jenkins-x.io
Successfully added Helm repository storage.googleapis.com.
Adding missing Helm repo: jenkins-x-chartmuseum http://jenkins-x-chartmuseum:8080
Successfully added Helm repository jenkins-x-chartmuseum.
WARNING: No $CHART_REPOSITORY defined so using the default value of: http://jenkins-x-chartmuseum:8080
Uploading chart file jabkubernetees-0.0.1.tgz to http://jenkins-x-chartmuseum:8080/api/charts
Received 201 response: {"saved":true}

Showing logs for build [32mjabjohanna-jabkubernetees-maste-1[0m stage [32mfrom-build-pack[0m and container [32mstep-promote-jx-promote[0m
WARNING: prow based install so skip waiting for the merge of Pull Requests to go green as currently there is an issue with gettingstatuses from the PR, see https://github.com/jenkins-x/**/issues/2410
Promoting app jabkubernetees version 0.0.1 to namespace **-staging
Created Pull Request: https://github.com/**********/environment-heronsouth-staging/pull/1
Pull Request https://github.com/**********/environment-heronsouth-staging/pull/1 is merged at sha ca0e5ae013f3acacfe2c5e3c1fcd3ede9d73bb32
Pull Request merged but we are not waiting for the update pipeline to complete!
WARNING: Could not find the service URL in namespace **-staging for names jabkubernetees, **-jabkubernetees, **-staging-jabkubernetees
